# JRE version: Java(TM) SE Runtime Environment (8.0_101-b13) (build 1.8.0_101-b13)
# Java VM: Java HotSpot(TM) 64-Bit Server VM (25.101-b13 mixed mode windows-amd64 compressed oops)
Heap:
 PSYoungGen      total 224256K, used 58502K [0x0000000796600000, 0x00000007a5a80000, 0x00000007c0000000)
  eden space 211456K, 27% used [0x0000000796600000,0x0000000799f21820,0x00000007a3480000)
  from space 12800K, 0% used [0x00000007a4380000,0x00000007a4380000,0x00000007a5000000)
  to   space 15360K, 0% used [0x00000007a3480000,0x00000007a3480000,0x00000007a4380000)
 ParOldGen       total 91136K, used 17682K [0x0000000743200000, 0x0000000748b00000, 0x0000000796600000)
  object space 91136K, 19% used [0x0000000743200000,0x00000007443449d8,0x0000000748b00000)
 Metaspace       used 38111K, capacity 39696K, committed 39936K, reserved 1083392K
  class space    used 4765K, capacity 5079K, committed 5120K, reserved 1048576K
GC Heap History (10 events):
Event: 3.137 GC heap before
{Heap before GC invocations=4 (full 0):
 PSYoungGen      total 70656K, used 70645K [0x0000000796600000, 0x000000079f000000, 0x00000007c0000000)
  eden space 65536K, 100% used [0x0000000796600000,0x000000079a600000,0x000000079a600000)
  from space 5120K, 99% used [0x000000079a600000,0x000000079aafd418,0x000000079ab00000)
  to   space 5120K, 0% used [0x000000079eb00000,0x000000079eb00000,0x000000079f000000)
 ParOldGen       total 86016K, used 1809K [0x0000000743200000, 0x0000000748600000, 0x0000000796600000)
  object space 86016K, 2% used [0x0000000743200000,0x00000007433c4450,0x0000000748600000)
 Metaspace       used 20770K, capacity 21200K, committed 21296K, reserved 1069056K
  class space    used 2563K, capacity 2685K, committed 2688K, reserved 1048576K
Event: 3.167 GC heap after
Heap after GC invocations=4 (full 0):
 PSYoungGen      total 136192K, used 5103K [0x0000000796600000, 0x000000079f000000, 0x00000007c0000000)
  eden space 131072K, 0% used [0x0000000796600000,0x0000000796600000,0x000000079e600000)
  from space 5120K, 99% used [0x000000079eb00000,0x000000079effbf28,0x000000079f000000)
  to   space 5120K, 0% used [0x000000079e600000,0x000000079e600000,0x000000079eb00000)
 ParOldGen       total 86016K, used 4890K [0x0000000743200000, 0x0000000748600000, 0x0000000796600000)
  object space 86016K, 5% used [0x0000000743200000,0x00000007436c6b00,0x0000000748600000)
 Metaspace       used 20770K, capacity 21200K, committed 21296K, reserved 1069056K
  class space    used 2563K, capacity 2685K, committed 2688K, reserved 1048576K
}
Event: 3.167 GC heap before
{Heap before GC invocations=5 (full 1):
 PSYoungGen      total 136192K, used 5103K [0x0000000796600000, 0x000000079f000000, 0x00000007c0000000)
  eden space 131072K, 0% used [0x0000000796600000,0x0000000796600000,0x000000079e600000)
  from space 5120K, 99% used [0x000000079eb00000,0x000000079effbf28,0x000000079f000000)
  to   space 5120K, 0% used [0x000000079e600000,0x000000079e600000,0x000000079eb00000)
 ParOldGen       total 86016K, used 4890K [0x0000000743200000, 0x0000000748600000, 0x0000000796600000)
  object space 86016K, 5% used [0x0000000743200000,0x00000007436c6b00,0x0000000748600000)
 Metaspace       used 20770K, capacity 21200K, committed 21296K, reserved 1069056K
  class space    used 2563K, capacity 2685K, committed 2688K, reserved 1048576K
Event: 3.226 GC heap after
Heap after GC invocations=5 (full 1):
 PSYoungGen      total 136192K, used 0K [0x0000000796600000, 0x000000079f000000, 0x00000007c0000000)
  eden space 131072K, 0% used [0x0000000796600000,0x0000000796600000,0x000000079e600000)
  from space 5120K, 0% used [0x000000079eb00000,0x000000079eb00000,0x000000079f000000)
  to   space 5120K, 0% used [0x000000079e600000,0x000000079e600000,0x000000079eb00000)
 ParOldGen       total 55296K, used 7998K [0x0000000743200000, 0x0000000746800000, 0x0000000796600000)
  object space 55296K, 14% used [0x0000000743200000,0x00000007439cf800,0x0000000746800000)
 Metaspace       used 20768K, capacity 21194K, committed 21296K, reserved 1069056K
  class space    used 2563K, capacity 2684K, committed 2688K, reserved 1048576K
}
Event: 5.772 GC heap before
{Heap before GC invocations=6 (full 1):
 PSYoungGen      total 136192K, used 131072K [0x0000000796600000, 0x000000079f000000, 0x00000007c0000000)
  eden space 131072K, 100% used [0x0000000796600000,0x000000079e600000,0x000000079e600000)
  from space 5120K, 0% used [0x000000079eb00000,0x000000079eb00000,0x000000079f000000)
  to   space 5120K, 0% used [0x000000079e600000,0x000000079e600000,0x000000079eb00000)
 ParOldGen       total 55296K, used 7998K [0x0000000743200000, 0x0000000746800000, 0x0000000796600000)
  object space 55296K, 14% used [0x0000000743200000,0x00000007439cf800,0x0000000746800000)
 Metaspace       used 29858K, capacity 31012K, committed 31232K, reserved 1077248K
  class space    used 3746K, capacity 3995K, committed 4096K, reserved 1048576K
Event: 5.791 GC heap after
Heap after GC invocations=6 (full 1):
 PSYoungGen      total 136192K, used 5100K [0x0000000796600000, 0x00000007a5000000, 0x00000007c0000000)
  eden space 131072K, 0% used [0x0000000796600000,0x0000000796600000,0x000000079e600000)
  from space 5120K, 99% used [0x000000079e600000,0x000000079eafb050,0x000000079eb00000)
  to   space 12800K, 0% used [0x00000007a4380000,0x00000007a4380000,0x00000007a5000000)
 ParOldGen       total 55296K, used 14489K [0x0000000743200000, 0x0000000746800000, 0x0000000796600000)
  object space 55296K, 26% used [0x0000000743200000,0x0000000744026490,0x0000000746800000)
 Metaspace       used 29858K, capacity 31012K, committed 31232K, reserved 1077248K
  class space    used 3746K, capacity 3995K, committed 4096K, reserved 1048576K
}
Event: 7.972 GC heap before
{Heap before GC invocations=7 (full 1):
 PSYoungGen      total 136192K, used 91117K [0x0000000796600000, 0x00000007a5000000, 0x00000007c0000000)
  eden space 131072K, 65% used [0x0000000796600000,0x000000079ba004d8,0x000000079e600000)
  from space 5120K, 99% used [0x000000079e600000,0x000000079eafb050,0x000000079eb00000)
  to   space 12800K, 0% used [0x00000007a4380000,0x00000007a4380000,0x00000007a5000000)
 ParOldGen       total 55296K, used 14489K [0x0000000743200000, 0x0000000746800000, 0x0000000796600000)
  object space 55296K, 26% used [0x0000000743200000,0x0000000744026490,0x0000000746800000)
 Metaspace       used 34065K, capacity 35432K, committed 35496K, reserved 1081344K
  class space    used 4260K, capacity 4547K, committed 4608K, reserved 1048576K
Event: 8.104 GC heap after
Heap after GC invocations=7 (full 1):
 PSYoungGen      total 224256K, used 12740K [0x0000000796600000, 0x00000007a5a80000, 0x00000007c0000000)
  eden space 211456K, 0% used [0x0000000796600000,0x0000000796600000,0x00000007a3480000)
  from space 12800K, 99% used [0x00000007a4380000,0x00000007a4ff1080,0x00000007a5000000)
  to   space 15360K, 0% used [0x00000007a3480000,0x00000007a3480000,0x00000007a4380000)
 ParOldGen       total 55296K, used 14489K [0x0000000743200000, 0x0000000746800000, 0x0000000796600000)
  object space 55296K, 26% used [0x0000000743200000,0x0000000744026490,0x0000000746800000)
 Metaspace       used 34065K, capacity 35432K, committed 35496K, reserved 1081344K
  class space    used 4260K, capacity 4547K, committed 4608K, reserved 1048576K
}
Event: 8.104 GC heap before
{Heap before GC invocations=8 (full 2):
 PSYoungGen      total 224256K, used 12740K [0x0000000796600000, 0x00000007a5a80000, 0x00000007c0000000)
  eden space 211456K, 0% used [0x0000000796600000,0x0000000796600000,0x00000007a3480000)
  from space 12800K, 99% used [0x00000007a4380000,0x00000007a4ff1080,0x00000007a5000000)
  to   space 15360K, 0% used [0x00000007a3480000,0x00000007a3480000,0x00000007a4380000)
 ParOldGen       total 55296K, used 14489K [0x0000000743200000, 0x0000000746800000, 0x0000000796600000)
  object space 55296K, 26% used [0x0000000743200000,0x0000000744026490,0x0000000746800000)
 Metaspace       used 34065K, capacity 35432K, committed 35496K, reserved 1081344K
  class space    used 4260K, capacity 4547K, committed 4608K, reserved 1048576K
Event: 8.471 GC heap after
Heap after GC invocations=8 (full 2):
 PSYoungGen      total 224256K, used 0K [0x0000000796600000, 0x00000007a5a80000, 0x00000007c0000000)
  eden space 211456K, 0% used [0x0000000796600000,0x0000000796600000,0x00000007a3480000)
  from space 12800K, 0% used [0x00000007a4380000,0x00000007a4380000,0x00000007a5000000)
  to   space 15360K, 0% used [0x00000007a3480000,0x00000007a3480000,0x00000007a4380000)
 ParOldGen       total 91136K, used 17682K [0x0000000743200000, 0x0000000748b00000, 0x0000000796600000)
  object space 91136K, 19% used [0x0000000743200000,0x00000007443449d8,0x0000000748b00000)
 Metaspace       used 34065K, capacity 35432K, committed 35496K, reserved 1081344K
  class space    used 4260K, capacity 4547K, committed 4608K, reserved 1048576K
}

